[debug] [2017-07-20T22:50:50.226Z] ----------------------------------------------------------------------
[debug] [2017-07-20T22:50:50.229Z] Command:      C:\Program Files\nodejs\node.exe C:\Users\LABORATORIA 0092\AppData\Roaming\npm\node_modules\firebase-tools\bin\firebase serve
[debug] [2017-07-20T22:50:50.230Z] CLI Version:  3.9.1
[debug] [2017-07-20T22:50:50.230Z] Platform:     win32
[debug] [2017-07-20T22:50:50.230Z] Node Version: v6.9.4
[debug] [2017-07-20T22:50:50.231Z] Time:         Thu Jul 20 2017 17:50:50 GMT-0500 (SA Pacific Standard Time)
[debug] [2017-07-20T22:50:50.231Z] ----------------------------------------------------------------------
[debug] 
[debug] [2017-07-20T22:50:50.251Z] > command requires scopes: ["email","openid","https://www.googleapis.com/auth/cloudplatformprojects.readonly","https://www.googleapis.com/auth/firebase","https://www.googleapis.com/auth/cloud-platform"]
[debug] [2017-07-20T22:50:50.252Z] > authorizing via signed-in user
[debug] [2017-07-20T22:50:50.255Z] >>> HTTP REQUEST GET https://admin.firebase.com/v1/projects/firetalent-2af48  
 Thu Jul 20 2017 17:50:50 GMT-0500 (SA Pacific Standard Time)
[debug] [2017-07-20T22:50:51.352Z] <<< HTTP RESPONSE 200
[debug] [2017-07-20T22:50:51.354Z] >>> HTTP REQUEST GET https://admin.firebase.com/v1/database/firetalent-2af48/tokens  
 Thu Jul 20 2017 17:50:51 GMT-0500 (SA Pacific Standard Time)
[debug] [2017-07-20T22:50:53.281Z] <<< HTTP RESPONSE 200
[info] 
[info] === Serving from 'C:\Users\LABORATORIA 0092\Desktop\reto-ib1'...
[info] 
[debug] [2017-07-20T22:50:53.296Z] >>> HTTP REQUEST GET https://cloudresourcemanager.googleapis.com/v1/projects/firetalent-2af48  
 Thu Jul 20 2017 17:50:53 GMT-0500 (SA Pacific Standard Time)
[debug] [2017-07-20T22:50:54.194Z] <<< HTTP RESPONSE 200
[debug] [2017-07-20T22:50:54.195Z] >>> HTTP REQUEST GET https://mobilesdk-pa.googleapis.com/v1/projects/703312197564/clients/_:getWebAppConfig  
 Thu Jul 20 2017 17:50:54 GMT-0500 (SA Pacific Standard Time)
[debug] [2017-07-20T22:50:54.902Z] <<< HTTP RESPONSE 200
[warn] !  hosting: Port 5000 is not available. Trying another port...
[debug] [2017-07-20T22:50:55.026Z] >>> HTTP REQUEST GET https://cloudresourcemanager.googleapis.com/v1/projects/firetalent-2af48  
 Thu Jul 20 2017 17:50:55 GMT-0500 (SA Pacific Standard Time)
[debug] [2017-07-20T22:50:55.520Z] <<< HTTP RESPONSE 200
[debug] [2017-07-20T22:50:55.521Z] >>> HTTP REQUEST GET https://mobilesdk-pa.googleapis.com/v1/projects/703312197564/clients/_:getWebAppConfig  
 Thu Jul 20 2017 17:50:55 GMT-0500 (SA Pacific Standard Time)
[debug] [2017-07-20T22:50:56.061Z] <<< HTTP RESPONSE 200
[info] i  hosting: Serving hosting files from: public
[info] +  hosting: Local server: http://localhost:5004

